<?xml version="1.0" encoding="UTF-8"?>
<testng-results ignored="0" total="1" passed="1" failed="0" skipped="0">
  <reporter-output>
  </reporter-output>
  <suite started-at="2024-03-28T16:47:55 IST" name="Default suite" finished-at="2024-03-28T16:47:55 IST" duration-ms="68">
    <groups>
    </groups>
    <test started-at="2024-03-28T16:47:55 IST" name="Default test" finished-at="2024-03-28T16:47:55 IST" duration-ms="68">
      <class name="myProject.UsePropertyfileTest">
        <test-method signature="sample()[pri:0, instance:myProject.UsePropertyfileTest@659499f1]" started-at="2024-03-28T16:47:55 IST" name="sample" finished-at="2024-03-28T16:47:55 IST" duration-ms="9" status="PASS">
          <reporter-output>
          </reporter-output>
        </test-method> <!-- sample -->
      </class> <!-- myProject.UsePropertyfileTest -->
    </test> <!-- Default test -->
  </suite> <!-- Default suite -->
</testng-results>
